2025-03-29 15:57:54 - [main] - INFO - c.b.userauth.LoginApplication - Starting LoginApplication using Java 17.0.14 with PID 3280 (C:\Users\lenovo\Desktop\MyProjects\login\target\classes started by lenovo in C:\Users\lenovo\Desktop\MyProjects)
2025-03-29 15:57:54 - [main] - DEBUG - c.b.userauth.LoginApplication - Running with Spring Boot v3.4.4, Spring v6.2.5
2025-03-29 15:57:54 - [main] - INFO - c.b.userauth.LoginApplication - No active profile set, falling back to 1 default profile: "default"
2025-03-29 15:57:56 - [main] - INFO - o.s.d.r.c.RepositoryConfigurationDelegate - Bootstrapping Spring Data JPA repositories in DEFAULT mode.
2025-03-29 15:57:57 - [main] - INFO - o.s.d.r.c.RepositoryConfigurationDelegate - Finished Spring Data repository scanning in 136 ms. Found 1 JPA repository interface.
2025-03-29 15:57:58 - [main] - INFO - o.s.b.w.e.tomcat.TomcatWebServer - Tomcat initialized with port 8080 (http)
2025-03-29 15:57:58 - [main] - INFO - o.a.coyote.http11.Http11NioProtocol - Initializing ProtocolHandler ["http-nio-8080"]
2025-03-29 15:57:58 - [main] - INFO - o.a.catalina.core.StandardService - Starting service [Tomcat]
2025-03-29 15:57:58 - [main] - INFO - o.a.catalina.core.StandardEngine - Starting Servlet engine: [Apache Tomcat/10.1.39]
2025-03-29 15:57:58 - [main] - INFO - o.a.c.c.C.[Tomcat].[localhost].[/] - Initializing Spring embedded WebApplicationContext
2025-03-29 15:57:58 - [main] - INFO - o.s.b.w.s.c.ServletWebServerApplicationContext - Root WebApplicationContext: initialization completed in 3668 ms
2025-03-29 15:57:59 - [main] - INFO - o.h.jpa.internal.util.LogHelper - HHH000204: Processing PersistenceUnitInfo [name: default]
2025-03-29 15:57:59 - [main] - INFO - org.hibernate.Version - HHH000412: Hibernate ORM core version 6.6.11.Final
2025-03-29 15:57:59 - [main] - INFO - o.h.c.i.RegionFactoryInitiator - HHH000026: Second-level cache disabled
2025-03-29 15:58:00 - [main] - INFO - o.s.o.j.p.SpringPersistenceUnitInfo - No LoadTimeWeaver setup: ignoring JPA class transformer
2025-03-29 15:58:00 - [main] - INFO - com.zaxxer.hikari.HikariDataSource - HikariPool-1 - Starting...
2025-03-29 15:58:01 - [main] - INFO - com.zaxxer.hikari.pool.HikariPool - HikariPool-1 - Added connection com.mysql.cj.jdbc.ConnectionImpl@391d28ea
2025-03-29 15:58:01 - [main] - INFO - com.zaxxer.hikari.HikariDataSource - HikariPool-1 - Start completed.
2025-03-29 15:58:01 - [main] - WARN - org.hibernate.orm.deprecation - HHH90000025: MySQL8Dialect does not need to be specified explicitly using 'hibernate.dialect' (remove the property setting and it will be selected by default)
2025-03-29 15:58:01 - [main] - WARN - org.hibernate.orm.deprecation - HHH90000026: MySQL8Dialect has been deprecated; use org.hibernate.dialect.MySQLDialect instead
2025-03-29 15:58:01 - [main] - INFO - o.hibernate.orm.connections.pooling - HHH10001005: Database info:
	Database JDBC URL [Connecting through datasource 'HikariDataSource (HikariPool-1)']
	Database driver: undefined/unknown
	Database version: 8.0
	Autocommit mode: undefined/unknown
	Isolation level: undefined/unknown
	Minimum pool size: undefined/unknown
	Maximum pool size: undefined/unknown
2025-03-29 15:58:03 - [main] - INFO - o.h.e.t.j.p.i.JtaPlatformInitiator - HHH000489: No JTA platform available (set 'hibernate.transaction.jta.platform' to enable JTA platform integration)
2025-03-29 15:58:03 - [main] - INFO - o.s.o.j.LocalContainerEntityManagerFactoryBean - Initialized JPA EntityManagerFactory for persistence unit 'default'
2025-03-29 15:58:03 - [main] - INFO - c.b.userauth.utils.LoggerUtil - Initializing Password Encoder (BCrypt)
2025-03-29 15:58:03 - [main] - WARN - o.s.b.a.o.j.JpaBaseConfiguration$JpaWebConfiguration - spring.jpa.open-in-view is enabled by default. Therefore, database queries may be performed during view rendering. Explicitly configure spring.jpa.open-in-view to disable this warning
2025-03-29 15:58:03 - [main] - WARN - o.s.s.c.a.a.c.InitializeUserDetailsBeanManagerConfigurer$InitializeUserDetailsManagerConfigurer - Found 2 UserDetailsService beans, with names [customUserDetailsService, userDetailsService]. Global Authentication Manager will not use a UserDetailsService for username/password login. Consider publishing a single UserDetailsService bean.
2025-03-29 15:58:04 - [main] - INFO - c.b.userauth.utils.LoggerUtil - Configuring security filter chain
2025-03-29 15:58:04 - [main] - INFO - c.b.userauth.utils.LoggerUtil - CSRF protection disabled
2025-03-29 15:58:04 - [main] - INFO - c.b.userauth.utils.LoggerUtil - Configuring authorization rules
2025-03-29 15:58:04 - [main] - INFO - c.b.userauth.utils.LoggerUtil - Configuring form login
2025-03-29 15:58:04 - [main] - INFO - c.b.userauth.utils.LoggerUtil - Configuring logout settings
2025-03-29 15:58:04 - [main] - INFO - c.b.userauth.utils.LoggerUtil - Security configuration completed successfully
2025-03-29 15:58:04 - [main] - INFO - c.b.userauth.utils.LoggerUtil - Initializing InMemoryUserDetailsManager with default users
2025-03-29 15:58:04 - [main] - INFO - c.b.userauth.utils.LoggerUtil - User created: user1 with role USER
2025-03-29 15:58:04 - [main] - INFO - c.b.userauth.utils.LoggerUtil - User created: user2 with role USER
2025-03-29 15:58:04 - [main] - INFO - c.b.userauth.utils.LoggerUtil - User created: admin with role ADMIN
2025-03-29 15:58:05 - [main] - INFO - o.a.coyote.http11.Http11NioProtocol - Starting ProtocolHandler ["http-nio-8080"]
2025-03-29 15:58:05 - [main] - INFO - o.s.b.w.e.tomcat.TomcatWebServer - Tomcat started on port 8080 (http) with context path '/'
2025-03-29 15:58:05 - [main] - INFO - c.b.userauth.LoginApplication - Started LoginApplication in 11.551 seconds (process running for 12.921)
2025-03-29 22:32:33 - [HikariPool-1 housekeeper] - WARN - com.zaxxer.hikari.pool.HikariPool - HikariPool-1 - Thread starvation or clock leap detected (housekeeper delta=6h4m41s62ms984µs800ns).
2025-03-29 22:34:12 - [SpringApplicationShutdownHook] - INFO - o.s.b.w.e.tomcat.GracefulShutdown - Commencing graceful shutdown. Waiting for active requests to complete
2025-03-29 22:34:12 - [tomcat-shutdown] - INFO - o.s.b.w.e.tomcat.GracefulShutdown - Graceful shutdown complete
2025-03-29 22:34:12 - [SpringApplicationShutdownHook] - INFO - o.s.o.j.LocalContainerEntityManagerFactoryBean - Closing JPA EntityManagerFactory for persistence unit 'default'
2025-03-29 22:34:12 - [SpringApplicationShutdownHook] - INFO - com.zaxxer.hikari.HikariDataSource - HikariPool-1 - Shutdown initiated...
2025-03-29 22:34:12 - [SpringApplicationShutdownHook] - INFO - com.zaxxer.hikari.HikariDataSource - HikariPool-1 - Shutdown completed.
2025-03-29 22:34:16 - [main] - INFO - c.b.userauth.LoginApplication - Starting LoginApplication using Java 17.0.14 with PID 17284 (C:\Users\lenovo\Desktop\MyProjects\login\target\classes started by lenovo in C:\Users\lenovo\Desktop\MyProjects)
2025-03-29 22:34:16 - [main] - DEBUG - c.b.userauth.LoginApplication - Running with Spring Boot v3.4.4, Spring v6.2.5
2025-03-29 22:34:16 - [main] - INFO - c.b.userauth.LoginApplication - No active profile set, falling back to 1 default profile: "default"
2025-03-29 22:34:18 - [main] - INFO - o.s.d.r.c.RepositoryConfigurationDelegate - Bootstrapping Spring Data JPA repositories in DEFAULT mode.
2025-03-29 22:34:18 - [main] - INFO - o.s.d.r.c.RepositoryConfigurationDelegate - Finished Spring Data repository scanning in 128 ms. Found 1 JPA repository interface.
2025-03-29 22:34:20 - [main] - INFO - o.s.b.w.e.tomcat.TomcatWebServer - Tomcat initialized with port 8080 (http)
2025-03-29 22:34:20 - [main] - INFO - o.a.coyote.http11.Http11NioProtocol - Initializing ProtocolHandler ["http-nio-8080"]
2025-03-29 22:34:20 - [main] - INFO - o.a.catalina.core.StandardService - Starting service [Tomcat]
2025-03-29 22:34:20 - [main] - INFO - o.a.catalina.core.StandardEngine - Starting Servlet engine: [Apache Tomcat/10.1.39]
2025-03-29 22:34:20 - [main] - INFO - o.a.c.c.C.[Tomcat].[localhost].[/] - Initializing Spring embedded WebApplicationContext
2025-03-29 22:34:20 - [main] - INFO - o.s.b.w.s.c.ServletWebServerApplicationContext - Root WebApplicationContext: initialization completed in 3386 ms
2025-03-29 22:34:20 - [main] - INFO - o.h.jpa.internal.util.LogHelper - HHH000204: Processing PersistenceUnitInfo [name: default]
2025-03-29 22:34:20 - [main] - INFO - org.hibernate.Version - HHH000412: Hibernate ORM core version 6.6.11.Final
2025-03-29 22:34:21 - [main] - INFO - o.h.c.i.RegionFactoryInitiator - HHH000026: Second-level cache disabled
2025-03-29 22:34:21 - [main] - INFO - o.s.o.j.p.SpringPersistenceUnitInfo - No LoadTimeWeaver setup: ignoring JPA class transformer
2025-03-29 22:34:21 - [main] - INFO - com.zaxxer.hikari.HikariDataSource - HikariPool-1 - Starting...
2025-03-29 22:34:22 - [main] - INFO - com.zaxxer.hikari.pool.HikariPool - HikariPool-1 - Added connection com.mysql.cj.jdbc.ConnectionImpl@70d687b8
2025-03-29 22:34:22 - [main] - INFO - com.zaxxer.hikari.HikariDataSource - HikariPool-1 - Start completed.
2025-03-29 22:34:22 - [main] - WARN - org.hibernate.orm.deprecation - HHH90000025: MySQL8Dialect does not need to be specified explicitly using 'hibernate.dialect' (remove the property setting and it will be selected by default)
2025-03-29 22:34:22 - [main] - WARN - org.hibernate.orm.deprecation - HHH90000026: MySQL8Dialect has been deprecated; use org.hibernate.dialect.MySQLDialect instead
2025-03-29 22:34:22 - [main] - INFO - o.hibernate.orm.connections.pooling - HHH10001005: Database info:
	Database JDBC URL [Connecting through datasource 'HikariDataSource (HikariPool-1)']
	Database driver: undefined/unknown
	Database version: 8.0
	Autocommit mode: undefined/unknown
	Isolation level: undefined/unknown
	Minimum pool size: undefined/unknown
	Maximum pool size: undefined/unknown
2025-03-29 22:34:24 - [main] - INFO - o.h.e.t.j.p.i.JtaPlatformInitiator - HHH000489: No JTA platform available (set 'hibernate.transaction.jta.platform' to enable JTA platform integration)
2025-03-29 22:34:24 - [main] - INFO - o.s.o.j.LocalContainerEntityManagerFactoryBean - Initialized JPA EntityManagerFactory for persistence unit 'default'
2025-03-29 22:34:25 - [main] - INFO - c.b.userauth.utils.LoggerUtil - Initializing Password Encoder (BCrypt)
2025-03-29 22:34:25 - [main] - WARN - o.s.b.a.o.j.JpaBaseConfiguration$JpaWebConfiguration - spring.jpa.open-in-view is enabled by default. Therefore, database queries may be performed during view rendering. Explicitly configure spring.jpa.open-in-view to disable this warning
2025-03-29 22:34:25 - [main] - WARN - o.s.s.c.a.a.c.InitializeUserDetailsBeanManagerConfigurer$InitializeUserDetailsManagerConfigurer - Found 2 UserDetailsService beans, with names [customUserDetailsService, userDetailsService]. Global Authentication Manager will not use a UserDetailsService for username/password login. Consider publishing a single UserDetailsService bean.
2025-03-29 22:34:25 - [main] - INFO - c.b.userauth.utils.LoggerUtil - Configuring security filter chain
2025-03-29 22:34:25 - [main] - INFO - c.b.userauth.utils.LoggerUtil - CSRF protection disabled
2025-03-29 22:34:25 - [main] - INFO - c.b.userauth.utils.LoggerUtil - Configuring authorization rules
2025-03-29 22:34:25 - [main] - INFO - c.b.userauth.utils.LoggerUtil - Configuring form login
2025-03-29 22:34:25 - [main] - INFO - c.b.userauth.utils.LoggerUtil - Configuring logout settings
2025-03-29 22:34:25 - [main] - INFO - c.b.userauth.utils.LoggerUtil - Security configuration completed successfully
2025-03-29 22:34:25 - [main] - INFO - c.b.userauth.utils.LoggerUtil - Initializing InMemoryUserDetailsManager with default users
2025-03-29 22:34:26 - [main] - INFO - c.b.userauth.utils.LoggerUtil - User created: user1 with role USER
2025-03-29 22:34:26 - [main] - INFO - c.b.userauth.utils.LoggerUtil - User created: user2 with role USER
2025-03-29 22:34:26 - [main] - INFO - c.b.userauth.utils.LoggerUtil - User created: admin with role ADMIN
2025-03-29 22:34:26 - [main] - INFO - o.a.coyote.http11.Http11NioProtocol - Starting ProtocolHandler ["http-nio-8080"]
2025-03-29 22:34:26 - [main] - INFO - o.s.b.w.e.tomcat.TomcatWebServer - Tomcat started on port 8080 (http) with context path '/'
2025-03-29 22:34:26 - [main] - INFO - c.b.userauth.LoginApplication - Started LoginApplication in 10.637 seconds (process running for 11.858)
2025-03-29 22:39:01 - [http-nio-8080-exec-3] - INFO - o.a.c.c.C.[Tomcat].[localhost].[/] - Initializing Spring DispatcherServlet 'dispatcherServlet'
2025-03-29 22:39:01 - [http-nio-8080-exec-3] - INFO - o.s.web.servlet.DispatcherServlet - Initializing Servlet 'dispatcherServlet'
2025-03-29 22:39:01 - [http-nio-8080-exec-3] - INFO - o.s.web.servlet.DispatcherServlet - Completed initialization in 2 ms
