2025-03-30 00:00:41 - [HikariPool-1 housekeeper] - WARN - com.zaxxer.hikari.pool.HikariPool - HikariPool-1 - Thread starvation or clock leap detected (housekeeper delta=17m47s749ms687µs300ns).
2025-03-30 00:00:43 - [SpringApplicationShutdownHook] - INFO - o.s.b.w.e.tomcat.GracefulShutdown - Commencing graceful shutdown. Waiting for active requests to complete
2025-03-30 00:00:43 - [tomcat-shutdown] - INFO - o.s.b.w.e.tomcat.GracefulShutdown - Graceful shutdown complete
2025-03-30 00:00:43 - [SpringApplicationShutdownHook] - INFO - o.s.o.j.LocalContainerEntityManagerFactoryBean - Closing JPA EntityManagerFactory for persistence unit 'default'
2025-03-30 00:00:43 - [SpringApplicationShutdownHook] - INFO - com.zaxxer.hikari.HikariDataSource - HikariPool-1 - Shutdown initiated...
2025-03-30 00:00:43 - [SpringApplicationShutdownHook] - INFO - com.zaxxer.hikari.HikariDataSource - HikariPool-1 - Shutdown completed.
2025-03-30 00:00:55 - [main] - INFO - c.b.userauth.LoginApplication - Starting LoginApplication using Java 17.0.14 with PID 9052 (C:\Users\lenovo\Desktop\MyProjects\login\target\classes started by lenovo in C:\Users\lenovo\Desktop\MyProjects)
2025-03-30 00:00:55 - [main] - DEBUG - c.b.userauth.LoginApplication - Running with Spring Boot v3.4.4, Spring v6.2.5
2025-03-30 00:00:55 - [main] - INFO - c.b.userauth.LoginApplication - No active profile set, falling back to 1 default profile: "default"
2025-03-30 00:00:57 - [main] - INFO - o.s.d.r.c.RepositoryConfigurationDelegate - Bootstrapping Spring Data JPA repositories in DEFAULT mode.
2025-03-30 00:00:57 - [main] - INFO - o.s.d.r.c.RepositoryConfigurationDelegate - Finished Spring Data repository scanning in 122 ms. Found 1 JPA repository interface.
2025-03-30 00:00:58 - [main] - INFO - o.s.b.w.e.tomcat.TomcatWebServer - Tomcat initialized with port 8080 (http)
2025-03-30 00:00:58 - [main] - INFO - o.a.coyote.http11.Http11NioProtocol - Initializing ProtocolHandler ["http-nio-8080"]
2025-03-30 00:00:58 - [main] - INFO - o.a.catalina.core.StandardService - Starting service [Tomcat]
2025-03-30 00:00:58 - [main] - INFO - o.a.catalina.core.StandardEngine - Starting Servlet engine: [Apache Tomcat/10.1.39]
2025-03-30 00:00:58 - [main] - INFO - o.a.c.c.C.[Tomcat].[localhost].[/] - Initializing Spring embedded WebApplicationContext
2025-03-30 00:00:58 - [main] - INFO - o.s.b.w.s.c.ServletWebServerApplicationContext - Root WebApplicationContext: initialization completed in 3144 ms
2025-03-30 00:00:59 - [main] - INFO - o.h.jpa.internal.util.LogHelper - HHH000204: Processing PersistenceUnitInfo [name: default]
2025-03-30 00:00:59 - [main] - INFO - org.hibernate.Version - HHH000412: Hibernate ORM core version 6.6.11.Final
2025-03-30 00:00:59 - [main] - INFO - o.h.c.i.RegionFactoryInitiator - HHH000026: Second-level cache disabled
2025-03-30 00:01:00 - [main] - INFO - o.s.o.j.p.SpringPersistenceUnitInfo - No LoadTimeWeaver setup: ignoring JPA class transformer
2025-03-30 00:01:00 - [main] - INFO - com.zaxxer.hikari.HikariDataSource - HikariPool-1 - Starting...
2025-03-30 00:01:01 - [main] - INFO - com.zaxxer.hikari.pool.HikariPool - HikariPool-1 - Added connection com.mysql.cj.jdbc.ConnectionImpl@6630dd28
2025-03-30 00:01:01 - [main] - INFO - com.zaxxer.hikari.HikariDataSource - HikariPool-1 - Start completed.
2025-03-30 00:01:01 - [main] - WARN - org.hibernate.orm.deprecation - HHH90000025: MySQL8Dialect does not need to be specified explicitly using 'hibernate.dialect' (remove the property setting and it will be selected by default)
2025-03-30 00:01:01 - [main] - WARN - org.hibernate.orm.deprecation - HHH90000026: MySQL8Dialect has been deprecated; use org.hibernate.dialect.MySQLDialect instead
2025-03-30 00:01:01 - [main] - INFO - o.hibernate.orm.connections.pooling - HHH10001005: Database info:
	Database JDBC URL [Connecting through datasource 'HikariDataSource (HikariPool-1)']
	Database driver: undefined/unknown
	Database version: 8.0
	Autocommit mode: undefined/unknown
	Isolation level: undefined/unknown
	Minimum pool size: undefined/unknown
	Maximum pool size: undefined/unknown
2025-03-30 00:01:03 - [main] - INFO - o.h.e.t.j.p.i.JtaPlatformInitiator - HHH000489: No JTA platform available (set 'hibernate.transaction.jta.platform' to enable JTA platform integration)
2025-03-30 00:01:03 - [main] - INFO - o.s.o.j.LocalContainerEntityManagerFactoryBean - Initialized JPA EntityManagerFactory for persistence unit 'default'
2025-03-30 00:01:04 - [main] - INFO - c.b.userauth.utils.LoggerUtil - Initializing Password Encoder (BCrypt)
2025-03-30 00:01:04 - [main] - WARN - o.s.b.a.o.j.JpaBaseConfiguration$JpaWebConfiguration - spring.jpa.open-in-view is enabled by default. Therefore, database queries may be performed during view rendering. Explicitly configure spring.jpa.open-in-view to disable this warning
2025-03-30 00:01:04 - [main] - INFO - o.s.s.c.a.a.c.InitializeUserDetailsBeanManagerConfigurer$InitializeUserDetailsManagerConfigurer - Global AuthenticationManager configured with UserDetailsService bean with name customUserDetailsService
2025-03-30 00:01:04 - [main] - INFO - c.b.userauth.utils.LoggerUtil - Configuring security filter chain
2025-03-30 00:01:04 - [main] - INFO - c.b.userauth.utils.LoggerUtil - Security configuration completed successfully
2025-03-30 00:01:05 - [main] - INFO - o.a.coyote.http11.Http11NioProtocol - Starting ProtocolHandler ["http-nio-8080"]
2025-03-30 00:01:05 - [main] - INFO - o.s.b.w.e.tomcat.TomcatWebServer - Tomcat started on port 8080 (http) with context path '/'
2025-03-30 00:01:05 - [main] - INFO - c.b.userauth.LoginApplication - Started LoginApplication in 10.359 seconds (process running for 11.696)
2025-03-30 00:04:31 - [http-nio-8080-exec-1] - INFO - o.a.c.c.C.[Tomcat].[localhost].[/] - Initializing Spring DispatcherServlet 'dispatcherServlet'
2025-03-30 00:04:31 - [http-nio-8080-exec-1] - INFO - o.s.web.servlet.DispatcherServlet - Initializing Servlet 'dispatcherServlet'
2025-03-30 00:04:31 - [http-nio-8080-exec-1] - INFO - o.s.web.servlet.DispatcherServlet - Completed initialization in 2 ms
2025-03-30 00:04:31 - [http-nio-8080-exec-1] - INFO - c.b.userauth.utils.LoggerUtil - User registered: testuser
2025-03-30 00:04:31 - [http-nio-8080-exec-1] - INFO - c.b.userauth.utils.LoggerUtil - New user registered: testuser
2025-03-30 00:15:14 - [http-nio-8080-exec-5] - INFO - c.b.userauth.utils.LoggerUtil - Loading user by username: testuser
2025-03-30 00:15:14 - [http-nio-8080-exec-5] - INFO - c.b.userauth.utils.LoggerUtil - User logged in: testuser
2025-03-30 01:14:24 - [SpringApplicationShutdownHook] - INFO - o.s.b.w.e.tomcat.GracefulShutdown - Commencing graceful shutdown. Waiting for active requests to complete
2025-03-30 01:14:24 - [tomcat-shutdown] - INFO - o.s.b.w.e.tomcat.GracefulShutdown - Graceful shutdown complete
2025-03-30 01:14:24 - [SpringApplicationShutdownHook] - INFO - o.s.o.j.LocalContainerEntityManagerFactoryBean - Closing JPA EntityManagerFactory for persistence unit 'default'
2025-03-30 01:14:24 - [SpringApplicationShutdownHook] - INFO - com.zaxxer.hikari.HikariDataSource - HikariPool-1 - Shutdown initiated...
2025-03-30 01:14:24 - [SpringApplicationShutdownHook] - INFO - com.zaxxer.hikari.HikariDataSource - HikariPool-1 - Shutdown completed.
2025-03-30 01:14:37 - [main] - INFO - c.b.userauth.LoginApplication - Starting LoginApplication using Java 17.0.14 with PID 14344 (C:\Users\lenovo\Desktop\MyProjects\login\target\classes started by lenovo in C:\Users\lenovo\Desktop\MyProjects)
2025-03-30 01:14:37 - [main] - DEBUG - c.b.userauth.LoginApplication - Running with Spring Boot v3.4.4, Spring v6.2.5
2025-03-30 01:14:37 - [main] - INFO - c.b.userauth.LoginApplication - No active profile set, falling back to 1 default profile: "default"
2025-03-30 01:14:39 - [main] - INFO - o.s.d.r.c.RepositoryConfigurationDelegate - Bootstrapping Spring Data JPA repositories in DEFAULT mode.
2025-03-30 01:14:39 - [main] - INFO - o.s.d.r.c.RepositoryConfigurationDelegate - Finished Spring Data repository scanning in 144 ms. Found 1 JPA repository interface.
2025-03-30 01:14:41 - [main] - INFO - o.s.b.w.e.tomcat.TomcatWebServer - Tomcat initialized with port 8080 (http)
2025-03-30 01:14:41 - [main] - INFO - o.a.coyote.http11.Http11NioProtocol - Initializing ProtocolHandler ["http-nio-8080"]
2025-03-30 01:14:41 - [main] - INFO - o.a.catalina.core.StandardService - Starting service [Tomcat]
2025-03-30 01:14:41 - [main] - INFO - o.a.catalina.core.StandardEngine - Starting Servlet engine: [Apache Tomcat/10.1.39]
2025-03-30 01:14:41 - [main] - INFO - o.a.c.c.C.[Tomcat].[localhost].[/] - Initializing Spring embedded WebApplicationContext
2025-03-30 01:14:41 - [main] - INFO - o.s.b.w.s.c.ServletWebServerApplicationContext - Root WebApplicationContext: initialization completed in 3846 ms
2025-03-30 01:14:41 - [main] - INFO - o.h.jpa.internal.util.LogHelper - HHH000204: Processing PersistenceUnitInfo [name: default]
2025-03-30 01:14:42 - [main] - INFO - org.hibernate.Version - HHH000412: Hibernate ORM core version 6.6.11.Final
2025-03-30 01:14:42 - [main] - INFO - o.h.c.i.RegionFactoryInitiator - HHH000026: Second-level cache disabled
2025-03-30 01:14:43 - [main] - INFO - o.s.o.j.p.SpringPersistenceUnitInfo - No LoadTimeWeaver setup: ignoring JPA class transformer
2025-03-30 01:14:43 - [main] - INFO - com.zaxxer.hikari.HikariDataSource - HikariPool-1 - Starting...
2025-03-30 01:14:43 - [main] - INFO - com.zaxxer.hikari.pool.HikariPool - HikariPool-1 - Added connection com.mysql.cj.jdbc.ConnectionImpl@56872fcb
2025-03-30 01:14:43 - [main] - INFO - com.zaxxer.hikari.HikariDataSource - HikariPool-1 - Start completed.
2025-03-30 01:14:44 - [main] - WARN - org.hibernate.orm.deprecation - HHH90000025: MySQL8Dialect does not need to be specified explicitly using 'hibernate.dialect' (remove the property setting and it will be selected by default)
2025-03-30 01:14:44 - [main] - WARN - org.hibernate.orm.deprecation - HHH90000026: MySQL8Dialect has been deprecated; use org.hibernate.dialect.MySQLDialect instead
2025-03-30 01:14:44 - [main] - INFO - o.hibernate.orm.connections.pooling - HHH10001005: Database info:
	Database JDBC URL [Connecting through datasource 'HikariDataSource (HikariPool-1)']
	Database driver: undefined/unknown
	Database version: 8.0
	Autocommit mode: undefined/unknown
	Isolation level: undefined/unknown
	Minimum pool size: undefined/unknown
	Maximum pool size: undefined/unknown
2025-03-30 01:14:46 - [main] - INFO - o.h.e.t.j.p.i.JtaPlatformInitiator - HHH000489: No JTA platform available (set 'hibernate.transaction.jta.platform' to enable JTA platform integration)
2025-03-30 01:14:46 - [main] - INFO - o.s.o.j.LocalContainerEntityManagerFactoryBean - Initialized JPA EntityManagerFactory for persistence unit 'default'
2025-03-30 01:14:47 - [main] - INFO - c.b.userauth.utils.LoggerUtil - Initializing Password Encoder (BCrypt)
2025-03-30 01:14:47 - [main] - WARN - o.s.b.a.o.j.JpaBaseConfiguration$JpaWebConfiguration - spring.jpa.open-in-view is enabled by default. Therefore, database queries may be performed during view rendering. Explicitly configure spring.jpa.open-in-view to disable this warning
2025-03-30 01:14:47 - [main] - INFO - o.s.s.c.a.a.c.InitializeUserDetailsBeanManagerConfigurer$InitializeUserDetailsManagerConfigurer - Global AuthenticationManager configured with UserDetailsService bean with name customUserDetailsService
2025-03-30 01:14:47 - [main] - INFO - c.b.userauth.utils.LoggerUtil - Configuring security filter chain
2025-03-30 01:14:47 - [main] - INFO - c.b.userauth.utils.LoggerUtil - Security configuration completed successfully
2025-03-30 01:14:48 - [main] - INFO - o.a.coyote.http11.Http11NioProtocol - Starting ProtocolHandler ["http-nio-8080"]
2025-03-30 01:14:48 - [main] - INFO - o.s.b.w.e.tomcat.TomcatWebServer - Tomcat started on port 8080 (http) with context path '/'
2025-03-30 01:14:48 - [main] - INFO - c.b.userauth.LoginApplication - Started LoginApplication in 12.007 seconds (process running for 13.464)
2025-03-30 01:14:57 - [http-nio-8080-exec-2] - INFO - o.a.c.c.C.[Tomcat].[localhost].[/] - Initializing Spring DispatcherServlet 'dispatcherServlet'
2025-03-30 01:14:57 - [http-nio-8080-exec-2] - INFO - o.s.web.servlet.DispatcherServlet - Initializing Servlet 'dispatcherServlet'
2025-03-30 01:14:57 - [http-nio-8080-exec-2] - INFO - o.s.web.servlet.DispatcherServlet - Completed initialization in 3 ms
2025-03-30 01:14:58 - [http-nio-8080-exec-2] - INFO - c.b.userauth.utils.LoggerUtil - Loading user by username: testuser
2025-03-30 01:14:58 - [http-nio-8080-exec-2] - INFO - c.b.userauth.utils.LoggerUtil - User logged in: testuser
2025-03-30 01:56:38 - [SpringApplicationShutdownHook] - INFO - o.s.b.w.e.tomcat.GracefulShutdown - Commencing graceful shutdown. Waiting for active requests to complete
2025-03-30 01:56:38 - [tomcat-shutdown] - INFO - o.s.b.w.e.tomcat.GracefulShutdown - Graceful shutdown complete
2025-03-30 01:56:38 - [SpringApplicationShutdownHook] - INFO - o.s.o.j.LocalContainerEntityManagerFactoryBean - Closing JPA EntityManagerFactory for persistence unit 'default'
2025-03-30 01:56:38 - [SpringApplicationShutdownHook] - INFO - com.zaxxer.hikari.HikariDataSource - HikariPool-1 - Shutdown initiated...
2025-03-30 01:56:38 - [SpringApplicationShutdownHook] - INFO - com.zaxxer.hikari.HikariDataSource - HikariPool-1 - Shutdown completed.
