2025-04-01 11:13:30 - [main] - INFO - c.b.userauth.LoginApplication - Starting LoginApplication using Java 17.0.14 with PID 12984 (C:\Users\lenovo\Desktop\MyProjects\login\target\classes started by lenovo in C:\Users\lenovo\Desktop\MyProjects)
2025-04-01 11:13:30 - [main] - DEBUG - c.b.userauth.LoginApplication - Running with Spring Boot v3.4.4, Spring v6.2.5
2025-04-01 11:13:30 - [main] - INFO - c.b.userauth.LoginApplication - No active profile set, falling back to 1 default profile: "default"
2025-04-01 11:13:32 - [main] - INFO - o.s.d.r.c.RepositoryConfigurationDelegate - Bootstrapping Spring Data JPA repositories in DEFAULT mode.
2025-04-01 11:13:32 - [main] - INFO - o.s.d.r.c.RepositoryConfigurationDelegate - Finished Spring Data repository scanning in 149 ms. Found 1 JPA repository interface.
2025-04-01 11:13:34 - [main] - INFO - o.s.b.w.e.tomcat.TomcatWebServer - Tomcat initialized with port 8080 (http)
2025-04-01 11:13:34 - [main] - INFO - o.a.coyote.http11.Http11NioProtocol - Initializing ProtocolHandler ["http-nio-8080"]
2025-04-01 11:13:34 - [main] - INFO - o.a.catalina.core.StandardService - Starting service [Tomcat]
2025-04-01 11:13:34 - [main] - INFO - o.a.catalina.core.StandardEngine - Starting Servlet engine: [Apache Tomcat/10.1.39]
2025-04-01 11:13:34 - [main] - INFO - o.a.c.c.C.[Tomcat].[localhost].[/] - Initializing Spring embedded WebApplicationContext
2025-04-01 11:13:34 - [main] - INFO - o.s.b.w.s.c.ServletWebServerApplicationContext - Root WebApplicationContext: initialization completed in 4398 ms
2025-04-01 11:13:35 - [main] - INFO - o.h.jpa.internal.util.LogHelper - HHH000204: Processing PersistenceUnitInfo [name: default]
2025-04-01 11:13:35 - [main] - INFO - org.hibernate.Version - HHH000412: Hibernate ORM core version 6.6.11.Final
2025-04-01 11:13:35 - [main] - INFO - o.h.c.i.RegionFactoryInitiator - HHH000026: Second-level cache disabled
2025-04-01 11:13:36 - [main] - INFO - o.s.o.j.p.SpringPersistenceUnitInfo - No LoadTimeWeaver setup: ignoring JPA class transformer
2025-04-01 11:13:36 - [main] - INFO - com.zaxxer.hikari.HikariDataSource - HikariPool-1 - Starting...
2025-04-01 11:13:37 - [main] - INFO - com.zaxxer.hikari.pool.HikariPool - HikariPool-1 - Added connection com.mysql.cj.jdbc.ConnectionImpl@7d8f2eec
2025-04-01 11:13:37 - [main] - INFO - com.zaxxer.hikari.HikariDataSource - HikariPool-1 - Start completed.
2025-04-01 11:13:38 - [main] - WARN - org.hibernate.orm.deprecation - HHH90000025: MySQL8Dialect does not need to be specified explicitly using 'hibernate.dialect' (remove the property setting and it will be selected by default)
2025-04-01 11:13:38 - [main] - WARN - org.hibernate.orm.deprecation - HHH90000026: MySQL8Dialect has been deprecated; use org.hibernate.dialect.MySQLDialect instead
2025-04-01 11:13:38 - [main] - INFO - o.hibernate.orm.connections.pooling - HHH10001005: Database info:
	Database JDBC URL [Connecting through datasource 'HikariDataSource (HikariPool-1)']
	Database driver: undefined/unknown
	Database version: 8.0
	Autocommit mode: undefined/unknown
	Isolation level: undefined/unknown
	Minimum pool size: undefined/unknown
	Maximum pool size: undefined/unknown
2025-04-01 11:13:41 - [main] - INFO - o.h.e.t.j.p.i.JtaPlatformInitiator - HHH000489: No JTA platform available (set 'hibernate.transaction.jta.platform' to enable JTA platform integration)
2025-04-01 11:13:41 - [main] - INFO - o.s.o.j.LocalContainerEntityManagerFactoryBean - Initialized JPA EntityManagerFactory for persistence unit 'default'
2025-04-01 11:13:42 - [main] - DEBUG - c.b.userauth.jwtutils.JwtAuthFilter - Filter 'jwtAuthFilter' configured for use
2025-04-01 11:13:42 - [main] - INFO - c.b.userauth.utils.LoggerUtil - Initializing Password Encoder (BCrypt)
2025-04-01 11:13:43 - [main] - WARN - o.s.b.a.o.j.JpaBaseConfiguration$JpaWebConfiguration - spring.jpa.open-in-view is enabled by default. Therefore, database queries may be performed during view rendering. Explicitly configure spring.jpa.open-in-view to disable this warning
2025-04-01 11:13:43 - [main] - INFO - o.s.s.c.a.a.c.InitializeUserDetailsBeanManagerConfigurer$InitializeUserDetailsManagerConfigurer - Global AuthenticationManager configured with UserDetailsService bean with name customUserDetailsService
2025-04-01 11:13:44 - [main] - INFO - c.b.userauth.utils.LoggerUtil - Configuring security filter chain
2025-04-01 11:13:44 - [main] - INFO - o.s.b.w.e.tomcat.TomcatWebServer - Tomcat started on port 8080 (http) with context path '/'
2025-04-01 11:13:45 - [main] - INFO - c.b.userauth.LoginApplication - Started LoginApplication in 16.045 seconds (process running for 18.289)
2025-04-01 11:13:45 - [SpringApplicationShutdownHook] - INFO - o.s.b.w.e.tomcat.GracefulShutdown - Commencing graceful shutdown. Waiting for active requests to complete
2025-04-01 11:13:45 - [tomcat-shutdown] - INFO - o.s.b.w.e.tomcat.GracefulShutdown - Graceful shutdown complete
2025-04-01 11:13:45 - [SpringApplicationShutdownHook] - INFO - o.s.o.j.LocalContainerEntityManagerFactoryBean - Closing JPA EntityManagerFactory for persistence unit 'default'
2025-04-01 11:13:45 - [SpringApplicationShutdownHook] - INFO - com.zaxxer.hikari.HikariDataSource - HikariPool-1 - Shutdown initiated...
2025-04-01 11:13:45 - [SpringApplicationShutdownHook] - INFO - com.zaxxer.hikari.HikariDataSource - HikariPool-1 - Shutdown completed.
2025-04-01 11:17:08 - [main] - INFO - c.b.userauth.LoginApplication - Starting LoginApplication using Java 17.0.14 with PID 11432 (C:\Users\lenovo\Desktop\MyProjects\login\target\classes started by lenovo in C:\Users\lenovo\Desktop\MyProjects)
2025-04-01 11:17:08 - [main] - DEBUG - c.b.userauth.LoginApplication - Running with Spring Boot v3.4.4, Spring v6.2.5
2025-04-01 11:17:08 - [main] - INFO - c.b.userauth.LoginApplication - No active profile set, falling back to 1 default profile: "default"
2025-04-01 11:17:10 - [main] - INFO - o.s.d.r.c.RepositoryConfigurationDelegate - Bootstrapping Spring Data JPA repositories in DEFAULT mode.
2025-04-01 11:17:10 - [main] - INFO - o.s.d.r.c.RepositoryConfigurationDelegate - Finished Spring Data repository scanning in 120 ms. Found 1 JPA repository interface.
2025-04-01 11:17:11 - [main] - INFO - o.s.b.w.e.tomcat.TomcatWebServer - Tomcat initialized with port 8080 (http)
2025-04-01 11:17:11 - [main] - INFO - o.a.coyote.http11.Http11NioProtocol - Initializing ProtocolHandler ["http-nio-8080"]
2025-04-01 11:17:11 - [main] - INFO - o.a.catalina.core.StandardService - Starting service [Tomcat]
2025-04-01 11:17:11 - [main] - INFO - o.a.catalina.core.StandardEngine - Starting Servlet engine: [Apache Tomcat/10.1.39]
2025-04-01 11:17:11 - [main] - INFO - o.a.c.c.C.[Tomcat].[localhost].[/] - Initializing Spring embedded WebApplicationContext
2025-04-01 11:17:11 - [main] - INFO - o.s.b.w.s.c.ServletWebServerApplicationContext - Root WebApplicationContext: initialization completed in 3170 ms
2025-04-01 11:17:11 - [main] - ERROR - o.s.b.w.e.tomcat.TomcatStarter - Error starting Tomcat context. Exception: org.springframework.beans.factory.UnsatisfiedDependencyException. Message: Error creating bean with name 'jwtAuthFilter': Unsatisfied dependency expressed through field 'jwtService': Error creating bean with name 'jwtService': Unsatisfied dependency expressed through field 'accessTokenExpiration': Failed to convert value of type 'java.lang.String' to required type 'long'; For input string: "900000#15minutes"
2025-04-01 11:17:12 - [main] - INFO - o.a.catalina.core.StandardService - Stopping service [Tomcat]
2025-04-01 11:17:12 - [main] - WARN - o.a.c.loader.WebappClassLoaderBase - The web application [ROOT] appears to have started a thread named [pool-2-thread-1] but has failed to stop it. This is very likely to create a memory leak. Stack trace of thread:
 java.base@17.0.14/jdk.internal.misc.Unsafe.park(Native Method)
 java.base@17.0.14/java.util.concurrent.locks.LockSupport.parkNanos(LockSupport.java:252)
 java.base@17.0.14/java.util.concurrent.locks.AbstractQueuedSynchronizer$ConditionObject.awaitNanos(AbstractQueuedSynchronizer.java:1679)
 java.base@17.0.14/java.util.concurrent.ScheduledThreadPoolExecutor$DelayedWorkQueue.take(ScheduledThreadPoolExecutor.java:1182)
 java.base@17.0.14/java.util.concurrent.ScheduledThreadPoolExecutor$DelayedWorkQueue.take(ScheduledThreadPoolExecutor.java:899)
 java.base@17.0.14/java.util.concurrent.ThreadPoolExecutor.getTask(ThreadPoolExecutor.java:1062)
 java.base@17.0.14/java.util.concurrent.ThreadPoolExecutor.runWorker(ThreadPoolExecutor.java:1122)
 java.base@17.0.14/java.util.concurrent.ThreadPoolExecutor$Worker.run(ThreadPoolExecutor.java:635)
 java.base@17.0.14/java.lang.Thread.run(Thread.java:840)
2025-04-01 11:17:12 - [main] - WARN - o.s.b.w.s.c.AnnotationConfigServletWebServerApplicationContext - Exception encountered during context initialization - cancelling refresh attempt: org.springframework.context.ApplicationContextException: Unable to start web server
2025-04-01 11:17:12 - [main] - INFO - o.s.b.a.l.ConditionEvaluationReportLogger - 

Error starting ApplicationContext. To display the condition evaluation report re-run your application with 'debug' enabled.
2025-04-01 11:17:12 - [main] - ERROR - o.s.boot.SpringApplication - Application run failed
org.springframework.context.ApplicationContextException: Unable to start web server
	at org.springframework.boot.web.servlet.context.ServletWebServerApplicationContext.onRefresh(ServletWebServerApplicationContext.java:170)
	at org.springframework.context.support.AbstractApplicationContext.refresh(AbstractApplicationContext.java:621)
	at org.springframework.boot.web.servlet.context.ServletWebServerApplicationContext.refresh(ServletWebServerApplicationContext.java:146)
	at org.springframework.boot.SpringApplication.refresh(SpringApplication.java:752)
	at org.springframework.boot.SpringApplication.refreshContext(SpringApplication.java:439)
	at org.springframework.boot.SpringApplication.run(SpringApplication.java:318)
	at org.springframework.boot.SpringApplication.run(SpringApplication.java:1361)
	at org.springframework.boot.SpringApplication.run(SpringApplication.java:1350)
	at com.buddhaditya.userauth.LoginApplication.main(LoginApplication.java:10)
Caused by: org.springframework.boot.web.server.WebServerException: Unable to start embedded Tomcat
	at org.springframework.boot.web.embedded.tomcat.TomcatWebServer.initialize(TomcatWebServer.java:147)
	at org.springframework.boot.web.embedded.tomcat.TomcatWebServer.<init>(TomcatWebServer.java:107)
	at org.springframework.boot.web.embedded.tomcat.TomcatServletWebServerFactory.getTomcatWebServer(TomcatServletWebServerFactory.java:517)
	at org.springframework.boot.web.embedded.tomcat.TomcatServletWebServerFactory.getWebServer(TomcatServletWebServerFactory.java:219)
	at org.springframework.boot.web.servlet.context.ServletWebServerApplicationContext.createWebServer(ServletWebServerApplicationContext.java:193)
	at org.springframework.boot.web.servlet.context.ServletWebServerApplicationContext.onRefresh(ServletWebServerApplicationContext.java:167)
	... 8 common frames omitted
Caused by: org.springframework.beans.factory.UnsatisfiedDependencyException: Error creating bean with name 'jwtAuthFilter': Unsatisfied dependency expressed through field 'jwtService': Error creating bean with name 'jwtService': Unsatisfied dependency expressed through field 'accessTokenExpiration': Failed to convert value of type 'java.lang.String' to required type 'long'; For input string: "900000#15minutes"
	at org.springframework.beans.factory.annotation.AutowiredAnnotationBeanPostProcessor$AutowiredFieldElement.resolveFieldValue(AutowiredAnnotationBeanPostProcessor.java:788)
	at org.springframework.beans.factory.annotation.AutowiredAnnotationBeanPostProcessor$AutowiredFieldElement.inject(AutowiredAnnotationBeanPostProcessor.java:768)
	at org.springframework.beans.factory.annotation.InjectionMetadata.inject(InjectionMetadata.java:146)
	at org.springframework.beans.factory.annotation.AutowiredAnnotationBeanPostProcessor.postProcessProperties(AutowiredAnnotationBeanPostProcessor.java:509)
	at org.springframework.beans.factory.support.AbstractAutowireCapableBeanFactory.populateBean(AbstractAutowireCapableBeanFactory.java:1445)
	at org.springframework.beans.factory.support.AbstractAutowireCapableBeanFactory.doCreateBean(AbstractAutowireCapableBeanFactory.java:600)
	at org.springframework.beans.factory.support.AbstractAutowireCapableBeanFactory.createBean(AbstractAutowireCapableBeanFactory.java:523)
	at org.springframework.beans.factory.support.AbstractBeanFactory.lambda$doGetBean$0(AbstractBeanFactory.java:339)
	at org.springframework.beans.factory.support.DefaultSingletonBeanRegistry.getSingleton(DefaultSingletonBeanRegistry.java:347)
	at org.springframework.beans.factory.support.AbstractBeanFactory.doGetBean(AbstractBeanFactory.java:337)
	at org.springframework.beans.factory.support.AbstractBeanFactory.getBean(AbstractBeanFactory.java:207)
	at org.springframework.boot.web.servlet.ServletContextInitializerBeans.getOrderedBeansOfType(ServletContextInitializerBeans.java:211)
	at org.springframework.boot.web.servlet.ServletContextInitializerBeans.addAsRegistrationBean(ServletContextInitializerBeans.java:174)
	at org.springframework.boot.web.servlet.ServletContextInitializerBeans.addAsRegistrationBean(ServletContextInitializerBeans.java:169)
	at org.springframework.boot.web.servlet.ServletContextInitializerBeans.addAdaptableBeans(ServletContextInitializerBeans.java:154)
	at org.springframework.boot.web.servlet.ServletContextInitializerBeans.<init>(ServletContextInitializerBeans.java:87)
	at org.springframework.boot.web.servlet.context.ServletWebServerApplicationContext.getServletContextInitializerBeans(ServletWebServerApplicationContext.java:271)
	at org.springframework.boot.web.servlet.context.ServletWebServerApplicationContext.selfInitialize(ServletWebServerApplicationContext.java:245)
	at org.springframework.boot.web.embedded.tomcat.TomcatStarter.onStartup(TomcatStarter.java:52)
	at org.apache.catalina.core.StandardContext.startInternal(StandardContext.java:4467)
	at org.apache.catalina.util.LifecycleBase.start(LifecycleBase.java:164)
	at org.apache.catalina.core.ContainerBase$StartChild.call(ContainerBase.java:1203)
	at org.apache.catalina.core.ContainerBase$StartChild.call(ContainerBase.java:1193)
	at java.base/java.util.concurrent.FutureTask.run(FutureTask.java:264)
	at org.apache.tomcat.util.threads.InlineExecutorService.execute(InlineExecutorService.java:75)
	at java.base/java.util.concurrent.AbstractExecutorService.submit(AbstractExecutorService.java:145)
	at org.apache.catalina.core.ContainerBase.startInternal(ContainerBase.java:749)
	at org.apache.catalina.core.StandardHost.startInternal(StandardHost.java:772)
	at org.apache.catalina.util.LifecycleBase.start(LifecycleBase.java:164)
	at org.apache.catalina.core.ContainerBase$StartChild.call(ContainerBase.java:1203)
	at org.apache.catalina.core.ContainerBase$StartChild.call(ContainerBase.java:1193)
	at java.base/java.util.concurrent.FutureTask.run(FutureTask.java:264)
	at org.apache.tomcat.util.threads.InlineExecutorService.execute(InlineExecutorService.java:75)
	at java.base/java.util.concurrent.AbstractExecutorService.submit(AbstractExecutorService.java:145)
	at org.apache.catalina.core.ContainerBase.startInternal(ContainerBase.java:749)
	at org.apache.catalina.core.StandardEngine.startInternal(StandardEngine.java:203)
	at org.apache.catalina.util.LifecycleBase.start(LifecycleBase.java:164)
	at org.apache.catalina.core.StandardService.startInternal(StandardService.java:415)
	at org.apache.catalina.util.LifecycleBase.start(LifecycleBase.java:164)
	at org.apache.catalina.core.StandardServer.startInternal(StandardServer.java:870)
	at org.apache.catalina.util.LifecycleBase.start(LifecycleBase.java:164)
	at org.apache.catalina.startup.Tomcat.start(Tomcat.java:437)
	at org.springframework.boot.web.embedded.tomcat.TomcatWebServer.initialize(TomcatWebServer.java:128)
	... 13 common frames omitted
Caused by: org.springframework.beans.factory.UnsatisfiedDependencyException: Error creating bean with name 'jwtService': Unsatisfied dependency expressed through field 'accessTokenExpiration': Failed to convert value of type 'java.lang.String' to required type 'long'; For input string: "900000#15minutes"
	at org.springframework.beans.factory.annotation.AutowiredAnnotationBeanPostProcessor$AutowiredFieldElement.resolveFieldValue(AutowiredAnnotationBeanPostProcessor.java:788)
	at org.springframework.beans.factory.annotation.AutowiredAnnotationBeanPostProcessor$AutowiredFieldElement.inject(AutowiredAnnotationBeanPostProcessor.java:768)
	at org.springframework.beans.factory.annotation.InjectionMetadata.inject(InjectionMetadata.java:146)
	at org.springframework.beans.factory.annotation.AutowiredAnnotationBeanPostProcessor.postProcessProperties(AutowiredAnnotationBeanPostProcessor.java:509)
	at org.springframework.beans.factory.support.AbstractAutowireCapableBeanFactory.populateBean(AbstractAutowireCapableBeanFactory.java:1445)
	at org.springframework.beans.factory.support.AbstractAutowireCapableBeanFactory.doCreateBean(AbstractAutowireCapableBeanFactory.java:600)
	at org.springframework.beans.factory.support.AbstractAutowireCapableBeanFactory.createBean(AbstractAutowireCapableBeanFactory.java:523)
	at org.springframework.beans.factory.support.AbstractBeanFactory.lambda$doGetBean$0(AbstractBeanFactory.java:339)
	at org.springframework.beans.factory.support.DefaultSingletonBeanRegistry.getSingleton(DefaultSingletonBeanRegistry.java:347)
	at org.springframework.beans.factory.support.AbstractBeanFactory.doGetBean(AbstractBeanFactory.java:337)
	at org.springframework.beans.factory.support.AbstractBeanFactory.getBean(AbstractBeanFactory.java:202)
	at org.springframework.beans.factory.support.DefaultListableBeanFactory.doResolveDependency(DefaultListableBeanFactory.java:1609)
	at org.springframework.beans.factory.support.DefaultListableBeanFactory.resolveDependency(DefaultListableBeanFactory.java:1555)
	at org.springframework.beans.factory.annotation.AutowiredAnnotationBeanPostProcessor$AutowiredFieldElement.resolveFieldValue(AutowiredAnnotationBeanPostProcessor.java:785)
	... 55 common frames omitted
Caused by: org.springframework.beans.TypeMismatchException: Failed to convert value of type 'java.lang.String' to required type 'long'; For input string: "900000#15minutes"
	at org.springframework.beans.TypeConverterSupport.convertIfNecessary(TypeConverterSupport.java:87)
	at org.springframework.beans.TypeConverterSupport.convertIfNecessary(TypeConverterSupport.java:71)
	at org.springframework.beans.factory.support.DefaultListableBeanFactory.doResolveDependency(DefaultListableBeanFactory.java:1584)
	at org.springframework.beans.factory.support.DefaultListableBeanFactory.resolveDependency(DefaultListableBeanFactory.java:1555)
	at org.springframework.beans.factory.annotation.AutowiredAnnotationBeanPostProcessor$AutowiredFieldElement.resolveFieldValue(AutowiredAnnotationBeanPostProcessor.java:785)
	... 68 common frames omitted
Caused by: java.lang.NumberFormatException: For input string: "900000#15minutes"
	at java.base/java.lang.NumberFormatException.forInputString(NumberFormatException.java:67)
	at java.base/java.lang.Long.parseLong(Long.java:711)
	at java.base/java.lang.Long.valueOf(Long.java:1163)
	at org.springframework.util.NumberUtils.parseNumber(NumberUtils.java:204)
	at org.springframework.beans.propertyeditors.CustomNumberEditor.setAsText(CustomNumberEditor.java:115)
	at org.springframework.beans.TypeConverterDelegate.doConvertTextValue(TypeConverterDelegate.java:439)
	at org.springframework.beans.TypeConverterDelegate.doConvertValue(TypeConverterDelegate.java:412)
	at org.springframework.beans.TypeConverterDelegate.convertIfNecessary(TypeConverterDelegate.java:161)
	at org.springframework.beans.TypeConverterSupport.convertIfNecessary(TypeConverterSupport.java:80)
	... 72 common frames omitted
2025-04-01 11:17:37 - [main] - INFO - c.b.userauth.LoginApplication - Starting LoginApplication using Java 17.0.14 with PID 11036 (C:\Users\lenovo\Desktop\MyProjects\login\target\classes started by lenovo in C:\Users\lenovo\Desktop\MyProjects)
2025-04-01 11:17:37 - [main] - DEBUG - c.b.userauth.LoginApplication - Running with Spring Boot v3.4.4, Spring v6.2.5
2025-04-01 11:17:37 - [main] - INFO - c.b.userauth.LoginApplication - No active profile set, falling back to 1 default profile: "default"
2025-04-01 11:17:39 - [main] - INFO - o.s.d.r.c.RepositoryConfigurationDelegate - Bootstrapping Spring Data JPA repositories in DEFAULT mode.
2025-04-01 11:17:39 - [main] - INFO - o.s.d.r.c.RepositoryConfigurationDelegate - Finished Spring Data repository scanning in 115 ms. Found 1 JPA repository interface.
2025-04-01 11:17:41 - [main] - INFO - o.s.b.w.e.tomcat.TomcatWebServer - Tomcat initialized with port 8080 (http)
2025-04-01 11:17:41 - [main] - INFO - o.a.coyote.http11.Http11NioProtocol - Initializing ProtocolHandler ["http-nio-8080"]
2025-04-01 11:17:41 - [main] - INFO - o.a.catalina.core.StandardService - Starting service [Tomcat]
2025-04-01 11:17:41 - [main] - INFO - o.a.catalina.core.StandardEngine - Starting Servlet engine: [Apache Tomcat/10.1.39]
2025-04-01 11:17:41 - [main] - INFO - o.a.c.c.C.[Tomcat].[localhost].[/] - Initializing Spring embedded WebApplicationContext
2025-04-01 11:17:41 - [main] - INFO - o.s.b.w.s.c.ServletWebServerApplicationContext - Root WebApplicationContext: initialization completed in 3272 ms
2025-04-01 11:17:41 - [main] - INFO - o.h.jpa.internal.util.LogHelper - HHH000204: Processing PersistenceUnitInfo [name: default]
2025-04-01 11:17:41 - [main] - INFO - org.hibernate.Version - HHH000412: Hibernate ORM core version 6.6.11.Final
2025-04-01 11:17:41 - [main] - INFO - o.h.c.i.RegionFactoryInitiator - HHH000026: Second-level cache disabled
2025-04-01 11:17:42 - [main] - INFO - o.s.o.j.p.SpringPersistenceUnitInfo - No LoadTimeWeaver setup: ignoring JPA class transformer
2025-04-01 11:17:42 - [main] - INFO - com.zaxxer.hikari.HikariDataSource - HikariPool-1 - Starting...
2025-04-01 11:17:43 - [main] - INFO - com.zaxxer.hikari.pool.HikariPool - HikariPool-1 - Added connection com.mysql.cj.jdbc.ConnectionImpl@6fd7aba8
2025-04-01 11:17:43 - [main] - INFO - com.zaxxer.hikari.HikariDataSource - HikariPool-1 - Start completed.
2025-04-01 11:17:43 - [main] - WARN - org.hibernate.orm.deprecation - HHH90000025: MySQL8Dialect does not need to be specified explicitly using 'hibernate.dialect' (remove the property setting and it will be selected by default)
2025-04-01 11:17:43 - [main] - WARN - org.hibernate.orm.deprecation - HHH90000026: MySQL8Dialect has been deprecated; use org.hibernate.dialect.MySQLDialect instead
2025-04-01 11:17:43 - [main] - INFO - o.hibernate.orm.connections.pooling - HHH10001005: Database info:
	Database JDBC URL [Connecting through datasource 'HikariDataSource (HikariPool-1)']
	Database driver: undefined/unknown
	Database version: 8.0
	Autocommit mode: undefined/unknown
	Isolation level: undefined/unknown
	Minimum pool size: undefined/unknown
	Maximum pool size: undefined/unknown
2025-04-01 11:17:45 - [main] - INFO - o.h.e.t.j.p.i.JtaPlatformInitiator - HHH000489: No JTA platform available (set 'hibernate.transaction.jta.platform' to enable JTA platform integration)
2025-04-01 11:17:45 - [main] - INFO - o.s.o.j.LocalContainerEntityManagerFactoryBean - Initialized JPA EntityManagerFactory for persistence unit 'default'
2025-04-01 11:17:46 - [main] - DEBUG - c.b.userauth.jwtutils.JwtAuthFilter - Filter 'jwtAuthFilter' configured for use
2025-04-01 11:17:46 - [main] - INFO - c.b.userauth.utils.LoggerUtil - Initializing Password Encoder (BCrypt)
2025-04-01 11:17:46 - [main] - WARN - o.s.b.a.o.j.JpaBaseConfiguration$JpaWebConfiguration - spring.jpa.open-in-view is enabled by default. Therefore, database queries may be performed during view rendering. Explicitly configure spring.jpa.open-in-view to disable this warning
2025-04-01 11:17:46 - [main] - INFO - o.s.s.c.a.a.c.InitializeUserDetailsBeanManagerConfigurer$InitializeUserDetailsManagerConfigurer - Global AuthenticationManager configured with UserDetailsService bean with name customUserDetailsService
2025-04-01 11:17:46 - [main] - INFO - c.b.userauth.utils.LoggerUtil - Configuring security filter chain
2025-04-01 11:17:47 - [main] - INFO - o.a.coyote.http11.Http11NioProtocol - Starting ProtocolHandler ["http-nio-8080"]
2025-04-01 11:17:47 - [main] - INFO - o.s.b.w.e.tomcat.TomcatWebServer - Tomcat started on port 8080 (http) with context path '/'
2025-04-01 11:17:47 - [main] - INFO - c.b.userauth.LoginApplication - Started LoginApplication in 10.215 seconds (process running for 11.5)
2025-04-01 11:18:50 - [http-nio-8080-exec-1] - INFO - o.a.c.c.C.[Tomcat].[localhost].[/] - Initializing Spring DispatcherServlet 'dispatcherServlet'
2025-04-01 11:18:50 - [http-nio-8080-exec-1] - INFO - o.s.web.servlet.DispatcherServlet - Initializing Servlet 'dispatcherServlet'
2025-04-01 11:18:50 - [http-nio-8080-exec-1] - INFO - o.s.web.servlet.DispatcherServlet - Completed initialization in 2 ms
2025-04-01 11:18:51 - [http-nio-8080-exec-1] - INFO - c.b.userauth.utils.LoggerUtil - User registered: admin
2025-04-01 11:18:51 - [http-nio-8080-exec-1] - INFO - c.b.userauth.utils.LoggerUtil - New user registered: admin
2025-04-01 11:19:14 - [http-nio-8080-exec-3] - INFO - c.b.userauth.utils.LoggerUtil - Loading user by username: admin
2025-04-01 11:19:14 - [http-nio-8080-exec-3] - INFO - c.b.userauth.utils.LoggerUtil - User logged in: admin
2025-04-01 11:21:24 - [SpringApplicationShutdownHook] - INFO - o.s.b.w.e.tomcat.GracefulShutdown - Commencing graceful shutdown. Waiting for active requests to complete
2025-04-01 11:21:24 - [tomcat-shutdown] - INFO - o.s.b.w.e.tomcat.GracefulShutdown - Graceful shutdown complete
2025-04-01 11:21:24 - [SpringApplicationShutdownHook] - INFO - o.s.o.j.LocalContainerEntityManagerFactoryBean - Closing JPA EntityManagerFactory for persistence unit 'default'
2025-04-01 11:21:24 - [SpringApplicationShutdownHook] - INFO - com.zaxxer.hikari.HikariDataSource - HikariPool-1 - Shutdown initiated...
2025-04-01 11:21:24 - [SpringApplicationShutdownHook] - INFO - com.zaxxer.hikari.HikariDataSource - HikariPool-1 - Shutdown completed.
2025-04-01 11:21:32 - [main] - INFO - c.b.userauth.LoginApplication - Starting LoginApplication using Java 17.0.14 with PID 15656 (C:\Users\lenovo\Desktop\MyProjects\login\target\classes started by lenovo in C:\Users\lenovo\Desktop\MyProjects)
2025-04-01 11:21:32 - [main] - DEBUG - c.b.userauth.LoginApplication - Running with Spring Boot v3.4.4, Spring v6.2.5
2025-04-01 11:21:32 - [main] - INFO - c.b.userauth.LoginApplication - No active profile set, falling back to 1 default profile: "default"
2025-04-01 11:21:33 - [main] - INFO - o.s.d.r.c.RepositoryConfigurationDelegate - Bootstrapping Spring Data JPA repositories in DEFAULT mode.
2025-04-01 11:21:34 - [main] - INFO - o.s.d.r.c.RepositoryConfigurationDelegate - Finished Spring Data repository scanning in 128 ms. Found 1 JPA repository interface.
2025-04-01 11:21:35 - [main] - INFO - o.s.b.w.e.tomcat.TomcatWebServer - Tomcat initialized with port 8080 (http)
2025-04-01 11:21:35 - [main] - INFO - o.a.coyote.http11.Http11NioProtocol - Initializing ProtocolHandler ["http-nio-8080"]
2025-04-01 11:21:35 - [main] - INFO - o.a.catalina.core.StandardService - Starting service [Tomcat]
2025-04-01 11:21:35 - [main] - INFO - o.a.catalina.core.StandardEngine - Starting Servlet engine: [Apache Tomcat/10.1.39]
2025-04-01 11:21:35 - [main] - INFO - o.a.c.c.C.[Tomcat].[localhost].[/] - Initializing Spring embedded WebApplicationContext
2025-04-01 11:21:35 - [main] - INFO - o.s.b.w.s.c.ServletWebServerApplicationContext - Root WebApplicationContext: initialization completed in 3291 ms
2025-04-01 11:21:36 - [main] - INFO - o.h.jpa.internal.util.LogHelper - HHH000204: Processing PersistenceUnitInfo [name: default]
2025-04-01 11:21:36 - [main] - INFO - org.hibernate.Version - HHH000412: Hibernate ORM core version 6.6.11.Final
2025-04-01 11:21:36 - [main] - INFO - o.h.c.i.RegionFactoryInitiator - HHH000026: Second-level cache disabled
2025-04-01 11:21:37 - [main] - INFO - o.s.o.j.p.SpringPersistenceUnitInfo - No LoadTimeWeaver setup: ignoring JPA class transformer
2025-04-01 11:21:37 - [main] - INFO - com.zaxxer.hikari.HikariDataSource - HikariPool-1 - Starting...
2025-04-01 11:21:37 - [main] - INFO - com.zaxxer.hikari.pool.HikariPool - HikariPool-1 - Added connection com.mysql.cj.jdbc.ConnectionImpl@1530d0f2
2025-04-01 11:21:37 - [main] - INFO - com.zaxxer.hikari.HikariDataSource - HikariPool-1 - Start completed.
2025-04-01 11:21:37 - [main] - WARN - org.hibernate.orm.deprecation - HHH90000025: MySQL8Dialect does not need to be specified explicitly using 'hibernate.dialect' (remove the property setting and it will be selected by default)
2025-04-01 11:21:37 - [main] - WARN - org.hibernate.orm.deprecation - HHH90000026: MySQL8Dialect has been deprecated; use org.hibernate.dialect.MySQLDialect instead
2025-04-01 11:21:38 - [main] - INFO - o.hibernate.orm.connections.pooling - HHH10001005: Database info:
	Database JDBC URL [Connecting through datasource 'HikariDataSource (HikariPool-1)']
	Database driver: undefined/unknown
	Database version: 8.0
	Autocommit mode: undefined/unknown
	Isolation level: undefined/unknown
	Minimum pool size: undefined/unknown
	Maximum pool size: undefined/unknown
2025-04-01 11:21:39 - [main] - INFO - o.h.e.t.j.p.i.JtaPlatformInitiator - HHH000489: No JTA platform available (set 'hibernate.transaction.jta.platform' to enable JTA platform integration)
2025-04-01 11:21:39 - [main] - INFO - o.s.o.j.LocalContainerEntityManagerFactoryBean - Initialized JPA EntityManagerFactory for persistence unit 'default'
2025-04-01 11:21:40 - [main] - DEBUG - c.b.userauth.jwtutils.JwtAuthFilter - Filter 'jwtAuthFilter' configured for use
2025-04-01 11:21:40 - [main] - INFO - c.b.userauth.utils.LoggerUtil - Initializing Password Encoder (BCrypt)
2025-04-01 11:21:40 - [main] - WARN - o.s.b.a.o.j.JpaBaseConfiguration$JpaWebConfiguration - spring.jpa.open-in-view is enabled by default. Therefore, database queries may be performed during view rendering. Explicitly configure spring.jpa.open-in-view to disable this warning
2025-04-01 11:21:40 - [main] - INFO - o.s.s.c.a.a.c.InitializeUserDetailsBeanManagerConfigurer$InitializeUserDetailsManagerConfigurer - Global AuthenticationManager configured with UserDetailsService bean with name customUserDetailsService
2025-04-01 11:21:41 - [main] - INFO - c.b.userauth.utils.LoggerUtil - Configuring security filter chain
2025-04-01 11:21:41 - [main] - INFO - o.a.coyote.http11.Http11NioProtocol - Starting ProtocolHandler ["http-nio-8080"]
2025-04-01 11:21:41 - [main] - INFO - o.s.b.w.e.tomcat.TomcatWebServer - Tomcat started on port 8080 (http) with context path '/'
2025-04-01 11:21:41 - [main] - INFO - c.b.userauth.LoginApplication - Started LoginApplication in 10.117 seconds (process running for 11.356)
2025-04-01 11:22:06 - [http-nio-8080-exec-2] - INFO - o.a.c.c.C.[Tomcat].[localhost].[/] - Initializing Spring DispatcherServlet 'dispatcherServlet'
2025-04-01 11:22:06 - [http-nio-8080-exec-2] - INFO - o.s.web.servlet.DispatcherServlet - Initializing Servlet 'dispatcherServlet'
2025-04-01 11:22:06 - [http-nio-8080-exec-2] - INFO - o.s.web.servlet.DispatcherServlet - Completed initialization in 6 ms
2025-04-01 11:22:07 - [http-nio-8080-exec-2] - INFO - c.b.userauth.utils.LoggerUtil - Loading user by username: admin
2025-04-01 11:22:07 - [http-nio-8080-exec-2] - INFO - c.b.userauth.utils.LoggerUtil - User logged in successfully: admin
2025-04-01 11:36:35 - [pool-2-thread-1] - DEBUG - c.b.userauth.utils.LoggerUtil - Cleaning token cache. Current size: 0
2025-04-01 11:51:35 - [pool-2-thread-1] - DEBUG - c.b.userauth.utils.LoggerUtil - Cleaning token cache. Current size: 0
2025-04-01 12:06:35 - [pool-2-thread-1] - DEBUG - c.b.userauth.utils.LoggerUtil - Cleaning token cache. Current size: 0
2025-04-01 12:21:35 - [pool-2-thread-1] - DEBUG - c.b.userauth.utils.LoggerUtil - Cleaning token cache. Current size: 0
2025-04-01 12:36:35 - [pool-2-thread-1] - DEBUG - c.b.userauth.utils.LoggerUtil - Cleaning token cache. Current size: 0
2025-04-01 12:51:35 - [pool-2-thread-1] - DEBUG - c.b.userauth.utils.LoggerUtil - Cleaning token cache. Current size: 0
2025-04-01 13:40:12 - [HikariPool-1 housekeeper] - WARN - com.zaxxer.hikari.pool.HikariPool - HikariPool-1 - Thread starvation or clock leap detected (housekeeper delta=40m32s734ms850µs100ns).
2025-04-01 13:46:38 - [pool-2-thread-1] - DEBUG - c.b.userauth.utils.LoggerUtil - Cleaning token cache. Current size: 0
2025-04-01 13:46:38 - [pool-2-thread-1] - DEBUG - c.b.userauth.utils.LoggerUtil - Cleaning token cache. Current size: 0
2025-04-01 13:46:38 - [pool-2-thread-1] - DEBUG - c.b.userauth.utils.LoggerUtil - Cleaning token cache. Current size: 0
2025-04-01 13:51:35 - [pool-2-thread-1] - DEBUG - c.b.userauth.utils.LoggerUtil - Cleaning token cache. Current size: 0
2025-04-01 14:06:35 - [pool-2-thread-1] - DEBUG - c.b.userauth.utils.LoggerUtil - Cleaning token cache. Current size: 0
2025-04-01 14:21:35 - [pool-2-thread-1] - DEBUG - c.b.userauth.utils.LoggerUtil - Cleaning token cache. Current size: 0
2025-04-01 14:36:35 - [pool-2-thread-1] - DEBUG - c.b.userauth.utils.LoggerUtil - Cleaning token cache. Current size: 0
2025-04-01 14:41:40 - [HikariPool-1 housekeeper] - WARN - com.zaxxer.hikari.pool.HikariPool - HikariPool-1 - Thread starvation or clock leap detected (housekeeper delta=1m27s279ms211µs300ns).
2025-04-01 14:52:33 - [pool-2-thread-1] - DEBUG - c.b.userauth.utils.LoggerUtil - Cleaning token cache. Current size: 0
2025-04-01 15:06:35 - [pool-2-thread-1] - DEBUG - c.b.userauth.utils.LoggerUtil - Cleaning token cache. Current size: 0
2025-04-01 15:21:35 - [pool-2-thread-1] - DEBUG - c.b.userauth.utils.LoggerUtil - Cleaning token cache. Current size: 0
2025-04-01 15:36:35 - [pool-2-thread-1] - DEBUG - c.b.userauth.utils.LoggerUtil - Cleaning token cache. Current size: 0
2025-04-01 15:51:35 - [pool-2-thread-1] - DEBUG - c.b.userauth.utils.LoggerUtil - Cleaning token cache. Current size: 0
2025-04-01 16:06:35 - [pool-2-thread-1] - DEBUG - c.b.userauth.utils.LoggerUtil - Cleaning token cache. Current size: 0
2025-04-01 16:35:47 - [HikariPool-1 housekeeper] - WARN - com.zaxxer.hikari.pool.HikariPool - HikariPool-1 - Thread starvation or clock leap detected (housekeeper delta=21m5s551ms852µs400ns).
2025-04-01 16:42:11 - [pool-2-thread-1] - DEBUG - c.b.userauth.utils.LoggerUtil - Cleaning token cache. Current size: 0
2025-04-01 16:42:11 - [pool-2-thread-1] - DEBUG - c.b.userauth.utils.LoggerUtil - Cleaning token cache. Current size: 0
2025-04-01 16:51:35 - [pool-2-thread-1] - DEBUG - c.b.userauth.utils.LoggerUtil - Cleaning token cache. Current size: 0
2025-04-01 17:06:35 - [pool-2-thread-1] - DEBUG - c.b.userauth.utils.LoggerUtil - Cleaning token cache. Current size: 0
2025-04-01 17:21:35 - [pool-2-thread-1] - DEBUG - c.b.userauth.utils.LoggerUtil - Cleaning token cache. Current size: 0
2025-04-01 17:23:50 - [SpringApplicationShutdownHook] - INFO - o.s.b.w.e.tomcat.GracefulShutdown - Commencing graceful shutdown. Waiting for active requests to complete
2025-04-01 17:23:50 - [tomcat-shutdown] - INFO - o.s.b.w.e.tomcat.GracefulShutdown - Graceful shutdown complete
2025-04-01 17:23:50 - [SpringApplicationShutdownHook] - INFO - o.s.o.j.LocalContainerEntityManagerFactoryBean - Closing JPA EntityManagerFactory for persistence unit 'default'
2025-04-01 17:23:50 - [SpringApplicationShutdownHook] - INFO - com.zaxxer.hikari.HikariDataSource - HikariPool-1 - Shutdown initiated...
2025-04-01 17:23:50 - [SpringApplicationShutdownHook] - INFO - com.zaxxer.hikari.HikariDataSource - HikariPool-1 - Shutdown completed.
